2026-02-17 02:00:01 - Starting full database backup...
2026-02-17 02:00:01 - Dumping all databases with pg_dumpall -U postgres
2026-02-17 02:05:42 - Dump complete, compressing...
2026-02-17 02:06:15 - Upload to s3://corp-db-backups/pg-primary/daily_2026-02-17.sql.gz
2026-02-17 02:07:30 - S3 upload complete
2026-02-17 02:07:31 - Replicating to db-standby.internal.corp...
2026-02-17 02:08:45 - Replication complete
2026-02-17 02:08:46 - Cleanup: removed 0 old backups
2026-02-17 02:08:46 - Backup complete: daily_2026-02-17.sql.gz

2026-02-18 02:00:01 - Starting full database backup...
2026-02-18 02:00:01 - Dumping all databases with pg_dumpall -U postgres
2026-02-18 02:06:02 - Dump complete, compressing...
2026-02-18 02:06:38 - Upload to s3://corp-db-backups/pg-primary/daily_2026-02-18.sql.gz
2026-02-18 02:07:55 - S3 upload complete
2026-02-18 02:07:56 - Replicating to db-standby.internal.corp...
2026-02-18 02:09:10 - Replication complete
2026-02-18 02:09:11 - Cleanup: removed daily_2026-02-04.sql.gz
2026-02-18 02:09:11 - Backup complete: daily_2026-02-18.sql.gz

2026-02-19 02:00:01 - Starting full database backup...
2026-02-19 02:00:01 - ERROR: connection to server on socket "/var/run/postgresql/.s.PGSQL.5432" failed: FATAL: password authentication failed for user "postgres"
2026-02-19 02:00:01 - HINT: Check PGPASSWORD environment variable. Current value starts with 'P0stgr3s_S...'
2026-02-19 02:00:02 - Retrying with direct credentials...
2026-02-19 02:00:03 - Dump complete, compressing...
2026-02-19 02:05:50 - Upload to s3://corp-db-backups/pg-primary/daily_2026-02-19.sql.gz
2026-02-19 02:07:01 - S3 upload complete
2026-02-19 02:07:02 - Backup complete: daily_2026-02-19.sql.gz